<?xml version="1.0" encoding="UTF-8"?>
<!-- Generated by org.testng.reporters.JUnitXMLReporter -->
<testsuite hostname="SVRODK00097" ignored="1" name="automationPractice" tests="2" failures="1" timestamp="25 Jul 2018 12:00:30 GMT" time="40.791" errors="0">
  <testcase name="validContactPageTest" time="22.832" classname="test.sv.ContactPageTest">
    <failure type="java.lang.NullPointerException">
      <![CDATA[java.lang.NullPointerException
at pages.BasePage.getTextAndTitle(BasePage.java:137)
at pages.sv.ContactPage.confirmContactPage(ContactPage.java:13)
at test.sv.ContactPageTest.validContactPageTest(ContactPageTest.java:14)
... Removed 25 stack frames]]>
    </failure>
  </testcase> <!-- validContactPageTest -->
  <testcase name="searchTextValidationTest" time="7.354" classname="test.sv.SearchTextValidationTest"/>
  <testcase name="@BeforeSuite getParam" time="0.0" classname="test.BaseTest">
    <ignored/>
  </testcase> <!-- @BeforeSuite getParam -->
</testsuite> <!-- automationPractice -->
