<?xml version="1.0" encoding="UTF-8"?>
<!-- Generated by org.testng.reporters.JUnitXMLReporter -->
<testsuite hostname="SVRODK00097" ignored="3" name="automationPractice" tests="5" failures="0" timestamp="25 Jul 2018 08:03:17 GMT" time="1271.518" errors="0">
  <testcase name="@BeforeClass intializa" time="950.037" classname="test.BaseTest">
    <failure type="java.lang.NullPointerException">
      <![CDATA[java.lang.NullPointerException
at pages.BasePage.initSet(BasePage.java:25)
at test.BaseTest.intializa(BaseTest.java:19)
... Removed 26 stack frames]]>
    </failure>
  </testcase> <!-- @BeforeClass intializa -->
  <testcase name="@AfterClass tearDown" time="0.0" classname="test.BaseTest">
    <skipped/>
  </testcase> <!-- @AfterClass tearDown -->
  <testcase name="@BeforeClass intializa" time="0.0" classname="test.BaseTest">
    <skipped/>
  </testcase> <!-- @BeforeClass intializa -->
  <testcase name="@AfterClass tearDown" time="0.0" classname="test.BaseTest">
    <skipped/>
  </testcase> <!-- @AfterClass tearDown -->
  <testcase name="sendError" time="7.336" classname="test.automation.ContactPageTest"/>
  <testcase name="verifyContactUsTitle" time="1.81" classname="test.automation.ContactPageTest"/>
  <testcase name="vaidHomePage" time="0.0" classname="test.automation.HomeTest">
    <skipped/>
  </testcase> <!-- vaidHomePage -->
  <testcase name="invalidLoginTest" time="0.0" classname="test.automation.LoginTest">
    <skipped/>
  </testcase> <!-- invalidLoginTest -->
  <testcase name="validLoginTest" time="0.0" classname="test.automation.LoginTest">
    <skipped/>
  </testcase> <!-- validLoginTest -->
  <testcase name="@BeforeSuite getParam" time="0.0" classname="test.BaseTest">
    <ignored/>
  </testcase> <!-- @BeforeSuite getParam -->
  <testcase name="@BeforeSuite getParam" time="0.0" classname="test.BaseTest">
    <ignored/>
  </testcase> <!-- @BeforeSuite getParam -->
  <testcase name="@BeforeSuite getParam" time="0.0" classname="test.BaseTest">
    <ignored/>
  </testcase> <!-- @BeforeSuite getParam -->
</testsuite> <!-- automationPractice -->
