<?xml version="1.0" encoding="UTF-8"?>
<!-- Generated by org.testng.reporters.JUnitXMLReporter -->
<testsuite hostname="SVRODK00097" ignored="3" name="automationPractice" tests="5" failures="0" timestamp="25 Jul 2018 08:07:37 GMT" time="31.75" errors="0">
  <testcase name="sendError" time="7.488" classname="test.automation.ContactPageTest"/>
  <testcase name="verifyContactUsTitle" time="3.4" classname="test.automation.ContactPageTest"/>
  <testcase name="vaidHomePage" time="4.752" classname="test.automation.HomeTest"/>
  <testcase name="invalidLoginTest" time="5.278" classname="test.automation.LoginTest"/>
  <testcase name="validLoginTest" time="2.146" classname="test.automation.LoginTest"/>
  <testcase name="@BeforeSuite getParam" time="0.0" classname="test.BaseTest">
    <ignored/>
  </testcase> <!-- @BeforeSuite getParam -->
  <testcase name="@BeforeSuite getParam" time="0.0" classname="test.BaseTest">
    <ignored/>
  </testcase> <!-- @BeforeSuite getParam -->
  <testcase name="@BeforeSuite getParam" time="0.0" classname="test.BaseTest">
    <ignored/>
  </testcase> <!-- @BeforeSuite getParam -->
</testsuite> <!-- automationPractice -->
